Analysis & Synthesis report for BOOM
Thu Nov 29 14:03:37 2018
Quartus II 64-Bit Version 13.0.1 Build 232 06/12/2013 Service Pack 1 SJ Web Edition


---------------------
; Table of Contents ;
---------------------
  1. Legal Notice
  2. Analysis & Synthesis Summary
  3. Analysis & Synthesis Settings
  4. Parallel Compilation
  5. Analysis & Synthesis Source Files Read
  6. Analysis & Synthesis Resource Usage Summary
  7. Analysis & Synthesis Resource Utilization by Entity
  8. User-Specified and Inferred Latches
  9. Registers Removed During Synthesis
 10. General Register Statistics
 11. Inverted Register Statistics
 12. Multiplexer Restructuring Statistics (Restructuring Performed)
 13. Elapsed Time Per Partition
 14. Analysis & Synthesis Messages



----------------
; Legal Notice ;
----------------
Copyright (C) 1991-2013 Altera Corporation
Your use of Altera Corporation's design tools, logic functions 
and other software and tools, and its AMPP partner logic 
functions, and any output files from any of the foregoing 
(including device programming or simulation files), and any 
associated documentation or information are expressly subject 
to the terms and conditions of the Altera Program License 
Subscription Agreement, Altera MegaCore Function License 
Agreement, or other applicable license agreement, including, 
without limitation, that your use is for the sole purpose of 
programming logic devices manufactured by Altera and sold by 
Altera or its authorized distributors.  Please refer to the 
applicable agreement for further details.



+--------------------------------------------------------------------------------------+
; Analysis & Synthesis Summary                                                         ;
+------------------------------------+-------------------------------------------------+
; Analysis & Synthesis Status        ; Successful - Thu Nov 29 14:03:37 2018           ;
; Quartus II 64-Bit Version          ; 13.0.1 Build 232 06/12/2013 SP 1 SJ Web Edition ;
; Revision Name                      ; BOOM                                            ;
; Top-level Entity Name              ; BOOM                                            ;
; Family                             ; Cyclone II                                      ;
; Total logic elements               ; 142                                             ;
;     Total combinational functions  ; 135                                             ;
;     Dedicated logic registers      ; 55                                              ;
; Total registers                    ; 55                                              ;
; Total pins                         ; 82                                              ;
; Total virtual pins                 ; 0                                               ;
; Total memory bits                  ; 0                                               ;
; Embedded Multiplier 9-bit elements ; 0                                               ;
; Total PLLs                         ; 0                                               ;
+------------------------------------+-------------------------------------------------+


+----------------------------------------------------------------------------------------------------------------------+
; Analysis & Synthesis Settings                                                                                        ;
+----------------------------------------------------------------------------+--------------------+--------------------+
; Option                                                                     ; Setting            ; Default Value      ;
+----------------------------------------------------------------------------+--------------------+--------------------+
; Device                                                                     ; EP2C35F672C6       ;                    ;
; Top-level entity name                                                      ; BOOM               ; BOOM               ;
; Family name                                                                ; Cyclone II         ; Cyclone IV GX      ;
; Use smart compilation                                                      ; Off                ; Off                ;
; Enable parallel Assembler and TimeQuest Timing Analyzer during compilation ; On                 ; On                 ;
; Enable compact report table                                                ; Off                ; Off                ;
; Restructure Multiplexers                                                   ; Auto               ; Auto               ;
; Create Debugging Nodes for IP Cores                                        ; Off                ; Off                ;
; Preserve fewer node names                                                  ; On                 ; On                 ;
; Disable OpenCore Plus hardware evaluation                                  ; Off                ; Off                ;
; Verilog Version                                                            ; Verilog_2001       ; Verilog_2001       ;
; VHDL Version                                                               ; VHDL_1993          ; VHDL_1993          ;
; State Machine Processing                                                   ; Auto               ; Auto               ;
; Safe State Machine                                                         ; Off                ; Off                ;
; Extract Verilog State Machines                                             ; On                 ; On                 ;
; Extract VHDL State Machines                                                ; On                 ; On                 ;
; Ignore Verilog initial constructs                                          ; Off                ; Off                ;
; Iteration limit for constant Verilog loops                                 ; 5000               ; 5000               ;
; Iteration limit for non-constant Verilog loops                             ; 250                ; 250                ;
; Add Pass-Through Logic to Inferred RAMs                                    ; On                 ; On                 ;
; Infer RAMs from Raw Logic                                                  ; On                 ; On                 ;
; Parallel Synthesis                                                         ; On                 ; On                 ;
; DSP Block Balancing                                                        ; Auto               ; Auto               ;
; NOT Gate Push-Back                                                         ; On                 ; On                 ;
; Power-Up Don't Care                                                        ; On                 ; On                 ;
; Remove Redundant Logic Cells                                               ; Off                ; Off                ;
; Remove Duplicate Registers                                                 ; On                 ; On                 ;
; Ignore CARRY Buffers                                                       ; Off                ; Off                ;
; Ignore CASCADE Buffers                                                     ; Off                ; Off                ;
; Ignore GLOBAL Buffers                                                      ; Off                ; Off                ;
; Ignore ROW GLOBAL Buffers                                                  ; Off                ; Off                ;
; Ignore LCELL Buffers                                                       ; Off                ; Off                ;
; Ignore SOFT Buffers                                                        ; On                 ; On                 ;
; Limit AHDL Integers to 32 Bits                                             ; Off                ; Off                ;
; Optimization Technique                                                     ; Balanced           ; Balanced           ;
; Carry Chain Length                                                         ; 70                 ; 70                 ;
; Auto Carry Chains                                                          ; On                 ; On                 ;
; Auto Open-Drain Pins                                                       ; On                 ; On                 ;
; Perform WYSIWYG Primitive Resynthesis                                      ; Off                ; Off                ;
; Auto ROM Replacement                                                       ; On                 ; On                 ;
; Auto RAM Replacement                                                       ; On                 ; On                 ;
; Auto Shift Register Replacement                                            ; Auto               ; Auto               ;
; Allow Shift Register Merging across Hierarchies                            ; Auto               ; Auto               ;
; Auto Clock Enable Replacement                                              ; On                 ; On                 ;
; Strict RAM Replacement                                                     ; Off                ; Off                ;
; Allow Synchronous Control Signals                                          ; On                 ; On                 ;
; Force Use of Synchronous Clear Signals                                     ; Off                ; Off                ;
; Auto RAM to Logic Cell Conversion                                          ; Off                ; Off                ;
; Auto Resource Sharing                                                      ; Off                ; Off                ;
; Allow Any RAM Size For Recognition                                         ; Off                ; Off                ;
; Allow Any ROM Size For Recognition                                         ; Off                ; Off                ;
; Allow Any Shift Register Size For Recognition                              ; Off                ; Off                ;
; Use LogicLock Constraints during Resource Balancing                        ; On                 ; On                 ;
; Ignore translate_off and synthesis_off directives                          ; Off                ; Off                ;
; Timing-Driven Synthesis                                                    ; Off                ; Off                ;
; Report Parameter Settings                                                  ; On                 ; On                 ;
; Report Source Assignments                                                  ; On                 ; On                 ;
; Report Connectivity Checks                                                 ; On                 ; On                 ;
; Ignore Maximum Fan-Out Assignments                                         ; Off                ; Off                ;
; Synchronization Register Chain Length                                      ; 2                  ; 2                  ;
; PowerPlay Power Optimization                                               ; Normal compilation ; Normal compilation ;
; HDL message level                                                          ; Level2             ; Level2             ;
; Suppress Register Optimization Related Messages                            ; Off                ; Off                ;
; Number of Removed Registers Reported in Synthesis Report                   ; 5000               ; 5000               ;
; Number of Swept Nodes Reported in Synthesis Report                         ; 5000               ; 5000               ;
; Number of Inverted Registers Reported in Synthesis Report                  ; 100                ; 100                ;
; Clock MUX Protection                                                       ; On                 ; On                 ;
; Auto Gated Clock Conversion                                                ; Off                ; Off                ;
; Block Design Naming                                                        ; Auto               ; Auto               ;
; SDC constraint protection                                                  ; Off                ; Off                ;
; Synthesis Effort                                                           ; Auto               ; Auto               ;
; Shift Register Replacement - Allow Asynchronous Clear Signal               ; On                 ; On                 ;
; Pre-Mapping Resynthesis Optimization                                       ; Off                ; Off                ;
; Analysis & Synthesis Message Level                                         ; Medium             ; Medium             ;
; Disable Register Merging Across Hierarchies                                ; Auto               ; Auto               ;
; Resource Aware Inference For Block RAM                                     ; On                 ; On                 ;
; Synthesis Seed                                                             ; 1                  ; 1                  ;
+----------------------------------------------------------------------------+--------------------+--------------------+


Parallel compilation was disabled, but you have multiple processors available. Enable parallel compilation to reduce compilation time.
+-------------------------------------+
; Parallel Compilation                ;
+----------------------------+--------+
; Processors                 ; Number ;
+----------------------------+--------+
; Number detected on machine ; 4      ;
; Maximum allowed            ; 1      ;
+----------------------------+--------+


+-----------------------------------------------------------------------------------------------------------------------------------+
; Analysis & Synthesis Source Files Read                                                                                            ;
+----------------------------------+-----------------+------------------------------------+-------------------------------+---------+
; File Name with User-Entered Path ; Used in Netlist ; File Type                          ; File Name with Absolute Path  ; Library ;
+----------------------------------+-----------------+------------------------------------+-------------------------------+---------+
; ../../boom/LED_conv.vhd          ; yes             ; User VHDL File                     ; C:/boom/LED_conv.vhd          ;         ;
; ../../boom/FND_dec.vhd           ; yes             ; User VHDL File                     ; C:/boom/FND_dec.vhd           ;         ;
; ../../boom/code_set.vhd          ; yes             ; User VHDL File                     ; C:/boom/code_set.vhd          ;         ;
; ../../boom/cnt_100.vhd           ; yes             ; User VHDL File                     ; C:/boom/cnt_100.vhd           ;         ;
; ../../boom/cnt_60_nc.vhd         ; yes             ; User VHDL File                     ; C:/boom/cnt_60_nc.vhd         ;         ;
; ../../boom/cnt_60.vhd            ; yes             ; User VHDL File                     ; C:/boom/cnt_60.vhd            ;         ;
; mmmsec_gen.vhd                   ; yes             ; User VHDL File                     ; C:/altera/BOOM/mmmsec_gen.vhd ;         ;
; BOOM.bdf                         ; yes             ; User Block Diagram/Schematic File  ; C:/altera/BOOM/BOOM.bdf       ;         ;
+----------------------------------+-----------------+------------------------------------+-------------------------------+---------+


+-----------------------------------------------------+
; Analysis & Synthesis Resource Usage Summary         ;
+---------------------------------------------+-------+
; Resource                                    ; Usage ;
+---------------------------------------------+-------+
; Estimated Total logic elements              ; 142   ;
;                                             ;       ;
; Total combinational functions               ; 135   ;
; Logic element usage by number of LUT inputs ;       ;
;     -- 4 input functions                    ; 98    ;
;     -- 3 input functions                    ; 23    ;
;     -- <=2 input functions                  ; 14    ;
;                                             ;       ;
; Logic elements by mode                      ;       ;
;     -- normal mode                          ; 135   ;
;     -- arithmetic mode                      ; 0     ;
;                                             ;       ;
; Total registers                             ; 55    ;
;     -- Dedicated logic registers            ; 55    ;
;     -- I/O registers                        ; 0     ;
;                                             ;       ;
; I/O pins                                    ; 82    ;
; Embedded Multiplier 9-bit elements          ; 0     ;
; Maximum fan-out node                        ; nRst  ;
; Maximum fan-out                             ; 85    ;
; Total fan-out                               ; 737   ;
; Average fan-out                             ; 2.71  ;
+---------------------------------------------+-------+


+-------------------------------------------------------------------------------------------------------------------------------------------------------------------------------+
; Analysis & Synthesis Resource Utilization by Entity                                                                                                                           ;
+----------------------------+-------------------+--------------+-------------+--------------+---------+-----------+------+--------------+-----------------------+--------------+
; Compilation Hierarchy Node ; LC Combinationals ; LC Registers ; Memory Bits ; DSP Elements ; DSP 9x9 ; DSP 18x18 ; Pins ; Virtual Pins ; Full Hierarchy Name   ; Library Name ;
+----------------------------+-------------------+--------------+-------------+--------------+---------+-----------+------+--------------+-----------------------+--------------+
; |BOOM                      ; 135 (0)           ; 55 (0)       ; 0           ; 0            ; 0       ; 0         ; 82   ; 0            ; |BOOM                 ; work         ;
;    |FND_dec:inst4|         ; 7 (7)             ; 0 (0)        ; 0           ; 0            ; 0       ; 0         ; 0    ; 0            ; |BOOM|FND_dec:inst4   ; work         ;
;    |FND_dec:inst5|         ; 8 (8)             ; 0 (0)        ; 0           ; 0            ; 0       ; 0         ; 0    ; 0            ; |BOOM|FND_dec:inst5   ; work         ;
;    |FND_dec:inst6|         ; 7 (7)             ; 0 (0)        ; 0           ; 0            ; 0       ; 0         ; 0    ; 0            ; |BOOM|FND_dec:inst6   ; work         ;
;    |FND_dec:inst7|         ; 8 (8)             ; 0 (0)        ; 0           ; 0            ; 0       ; 0         ; 0    ; 0            ; |BOOM|FND_dec:inst7   ; work         ;
;    |FND_dec:inst9|         ; 9 (9)             ; 0 (0)        ; 0           ; 0            ; 0       ; 0         ; 0    ; 0            ; |BOOM|FND_dec:inst9   ; work         ;
;    |LED_conv:inst10|       ; 20 (20)           ; 0 (0)        ; 0           ; 0            ; 0       ; 0         ; 0    ; 0            ; |BOOM|LED_conv:inst10 ; work         ;
;    |cnt_100:inst1|         ; 13 (13)           ; 9 (9)        ; 0           ; 0            ; 0       ; 0         ; 0    ; 0            ; |BOOM|cnt_100:inst1   ; work         ;
;    |cnt_60:inst2|          ; 14 (14)           ; 10 (10)      ; 0           ; 0            ; 0       ; 0         ; 0    ; 0            ; |BOOM|cnt_60:inst2    ; work         ;
;    |cnt_60_nc:inst3|       ; 4 (4)             ; 5 (5)        ; 0           ; 0            ; 0       ; 0         ; 0    ; 0            ; |BOOM|cnt_60_nc:inst3 ; work         ;
;    |code_set:inst15|       ; 40 (40)           ; 28 (28)      ; 0           ; 0            ; 0       ; 0         ; 0    ; 0            ; |BOOM|code_set:inst15 ; work         ;
;    |mmsec_gen:inst|        ; 5 (5)             ; 3 (3)        ; 0           ; 0            ; 0       ; 0         ; 0    ; 0            ; |BOOM|mmsec_gen:inst  ; work         ;
+----------------------------+-------------------+--------------+-------------+--------------+---------+-----------+------+--------------+-----------------------+--------------+
Note: For table entries with two numbers listed, the numbers in parentheses indicate the number of resources of the given type used by the specific entity alone. The numbers listed outside of parentheses indicate the total resources of the given type used by the specific entity and all of its sub-entities in the hierarchy.


+------------------------------------------------------------------------------------------------------------+
; User-Specified and Inferred Latches                                                                        ;
+-----------------------------------------------------+-----------------------------+------------------------+
; Latch Name                                          ; Latch Enable Signal         ; Free of Timing Hazards ;
+-----------------------------------------------------+-----------------------------+------------------------+
; LED_conv:inst10|LED_sig[17]                         ; LED_conv:inst10|LED_sig[17] ; yes                    ;
; LED_conv:inst10|LED_sig[16]                         ; LED_conv:inst10|LED_sig[17] ; yes                    ;
; LED_conv:inst10|LED_sig[15]                         ; LED_conv:inst10|LED_sig[17] ; yes                    ;
; LED_conv:inst10|LED_sig[14]                         ; LED_conv:inst10|LED_sig[17] ; yes                    ;
; LED_conv:inst10|LED_sig[13]                         ; LED_conv:inst10|LED_sig[17] ; yes                    ;
; LED_conv:inst10|LED_sig[12]                         ; LED_conv:inst10|LED_sig[17] ; yes                    ;
; LED_conv:inst10|LED_sig[11]                         ; LED_conv:inst10|LED_sig[17] ; yes                    ;
; LED_conv:inst10|LED_sig[10]                         ; LED_conv:inst10|LED_sig[17] ; yes                    ;
; LED_conv:inst10|LED_sig[9]                          ; LED_conv:inst10|LED_sig[17] ; yes                    ;
; LED_conv:inst10|LED_sig[8]                          ; LED_conv:inst10|LED_sig[17] ; yes                    ;
; LED_conv:inst10|LED_sig[7]                          ; LED_conv:inst10|LED_sig[17] ; yes                    ;
; LED_conv:inst10|LED_sig[6]                          ; LED_conv:inst10|LED_sig[17] ; yes                    ;
; LED_conv:inst10|LED_sig[5]                          ; LED_conv:inst10|LED_sig[17] ; yes                    ;
; LED_conv:inst10|LED_sig[4]                          ; LED_conv:inst10|LED_sig[17] ; yes                    ;
; LED_conv:inst10|LED_sig[3]                          ; LED_conv:inst10|LED_sig[17] ; yes                    ;
; LED_conv:inst10|LED_sig[2]                          ; LED_conv:inst10|LED_sig[17] ; yes                    ;
; LED_conv:inst10|LED_sig[1]                          ; LED_conv:inst10|LED_sig[17] ; yes                    ;
; LED_conv:inst10|LED_sig[0]                          ; LED_conv:inst10|LED_sig[17] ; yes                    ;
; Number of user-specified and inferred latches = 18  ;                             ;                        ;
+-----------------------------------------------------+-----------------------------+------------------------+
Note: All latches listed above may not be present at the end of synthesis due to various synthesis optimizations.


+--------------------------------------------------------------------------------+
; Registers Removed During Synthesis                                             ;
+---------------------------------------+----------------------------------------+
; Register name                         ; Reason for Removal                     ;
+---------------------------------------+----------------------------------------+
; cnt_60_nc:inst3|min_ten[0..3]         ; Stuck at GND due to stuck port data_in ;
; code_set:inst15|code[0]               ; Merged with code_set:inst15|code[2]    ;
; Total Number of Removed Registers = 5 ;                                        ;
+---------------------------------------+----------------------------------------+


+------------------------------------------------------+
; General Register Statistics                          ;
+----------------------------------------------+-------+
; Statistic                                    ; Value ;
+----------------------------------------------+-------+
; Total registers                              ; 55    ;
; Number of registers using Synchronous Clear  ; 0     ;
; Number of registers using Synchronous Load   ; 0     ;
; Number of registers using Asynchronous Clear ; 45    ;
; Number of registers using Asynchronous Load  ; 0     ;
; Number of registers using Clock Enable       ; 33    ;
; Number of registers using Preset             ; 0     ;
+----------------------------------------------+-------+


+--------------------------------------------------+
; Inverted Register Statistics                     ;
+----------------------------------------+---------+
; Inverted Register                      ; Fan out ;
+----------------------------------------+---------+
; cnt_60_nc:inst3|min_one[0]             ; 13      ;
; cnt_60_nc:inst3|min_one[1]             ; 13      ;
; Total number of inverted registers = 2 ;         ;
+----------------------------------------+---------+


+-----------------------------------------------------------------------------------------------------------------------------------------------+
; Multiplexer Restructuring Statistics (Restructuring Performed)                                                                                ;
+--------------------+-----------+---------------+----------------------+------------------------+------------+---------------------------------+
; Multiplexer Inputs ; Bus Width ; Baseline Area ; Area if Restructured ; Saving if Restructured ; Registered ; Example Multiplexer Output      ;
+--------------------+-----------+---------------+----------------------+------------------------+------------+---------------------------------+
; 3:1                ; 2 bits    ; 4 LEs         ; 2 LEs                ; 2 LEs                  ; Yes        ; |BOOM|cnt_100:inst1|mm_ten[2]   ;
; 3:1                ; 2 bits    ; 4 LEs         ; 2 LEs                ; 2 LEs                  ; Yes        ; |BOOM|cnt_100:inst1|mm_ten[0]   ;
; 3:1                ; 2 bits    ; 4 LEs         ; 2 LEs                ; 2 LEs                  ; Yes        ; |BOOM|cnt_100:inst1|mm_one[1]   ;
; 3:1                ; 2 bits    ; 4 LEs         ; 4 LEs                ; 0 LEs                  ; Yes        ; |BOOM|cnt_100:inst1|mm_one[0]   ;
; 3:1                ; 2 bits    ; 4 LEs         ; 2 LEs                ; 2 LEs                  ; Yes        ; |BOOM|cnt_60:inst2|sec_ten[1]   ;
; 3:1                ; 2 bits    ; 4 LEs         ; 2 LEs                ; 2 LEs                  ; Yes        ; |BOOM|cnt_60:inst2|sec_ten[0]   ;
; 3:1                ; 2 bits    ; 4 LEs         ; 2 LEs                ; 2 LEs                  ; Yes        ; |BOOM|cnt_60:inst2|sec_one[2]   ;
; 3:1                ; 2 bits    ; 4 LEs         ; 4 LEs                ; 0 LEs                  ; Yes        ; |BOOM|cnt_60:inst2|sec_one[0]   ;
; 4:1                ; 2 bits    ; 4 LEs         ; 4 LEs                ; 0 LEs                  ; No         ; |BOOM|FND_dec:inst9|fnd_data[3] ;
; 4:1                ; 2 bits    ; 4 LEs         ; 4 LEs                ; 0 LEs                  ; No         ; |BOOM|FND_dec:inst5|fnd_data[3] ;
; 4:1                ; 2 bits    ; 4 LEs         ; 4 LEs                ; 0 LEs                  ; No         ; |BOOM|FND_dec:inst4|fnd_data[3] ;
; 4:1                ; 2 bits    ; 4 LEs         ; 4 LEs                ; 0 LEs                  ; No         ; |BOOM|FND_dec:inst7|fnd_data[6] ;
; 4:1                ; 2 bits    ; 4 LEs         ; 4 LEs                ; 0 LEs                  ; No         ; |BOOM|FND_dec:inst6|fnd_data[6] ;
; 5:1                ; 2 bits    ; 6 LEs         ; 6 LEs                ; 0 LEs                  ; No         ; |BOOM|FND_dec:inst9|fnd_data[5] ;
; 5:1                ; 2 bits    ; 6 LEs         ; 6 LEs                ; 0 LEs                  ; No         ; |BOOM|FND_dec:inst5|fnd_data[5] ;
; 5:1                ; 2 bits    ; 6 LEs         ; 6 LEs                ; 0 LEs                  ; No         ; |BOOM|FND_dec:inst4|fnd_data[2] ;
; 5:1                ; 2 bits    ; 6 LEs         ; 6 LEs                ; 0 LEs                  ; No         ; |BOOM|FND_dec:inst7|fnd_data[2] ;
; 5:1                ; 2 bits    ; 6 LEs         ; 6 LEs                ; 0 LEs                  ; No         ; |BOOM|FND_dec:inst6|fnd_data[5] ;
+--------------------+-----------+---------------+----------------------+------------------------+------------+---------------------------------+


+-------------------------------+
; Elapsed Time Per Partition    ;
+----------------+--------------+
; Partition Name ; Elapsed Time ;
+----------------+--------------+
; Top            ; 00:00:00     ;
+----------------+--------------+


+-------------------------------+
; Analysis & Synthesis Messages ;
+-------------------------------+
Info: *******************************************************************
Info: Running Quartus II 64-Bit Analysis & Synthesis
    Info: Version 13.0.1 Build 232 06/12/2013 Service Pack 1 SJ Web Edition
    Info: Processing started: Thu Nov 29 14:03:34 2018
Info: Command: quartus_map --read_settings_files=on --write_settings_files=off BOOM -c BOOM
Warning (20028): Parallel compilation is not licensed and has been disabled
Info (12021): Found 2 design units, including 1 entities, in source file /boom/timer.vhd
    Info (12022): Found design unit 1: Timer-beh
    Info (12023): Found entity 1: Timer
Info (12021): Found 2 design units, including 1 entities, in source file /boom/led_conv.vhd
    Info (12022): Found design unit 1: LED_conv-beh
    Info (12023): Found entity 1: LED_conv
Info (12021): Found 2 design units, including 1 entities, in source file /boom/gen_testbench.vhd
    Info (12022): Found design unit 1: gen_testbench-test
    Info (12023): Found entity 1: gen_Testbench
Info (12021): Found 2 design units, including 1 entities, in source file /boom/fnd_dec.vhd
    Info (12022): Found design unit 1: FND_dec-Dataflow
    Info (12023): Found entity 1: FND_dec
Info (12021): Found 2 design units, including 1 entities, in source file /boom/code_set.vhd
    Info (12022): Found design unit 1: code_Set-beh
    Info (12023): Found entity 1: code_set
Info (12021): Found 2 design units, including 1 entities, in source file /boom/cnt_100.vhd
    Info (12022): Found design unit 1: cnt_100-beh
    Info (12023): Found entity 1: cnt_100
Info (12021): Found 2 design units, including 1 entities, in source file /boom/cnt_60_nc.vhd
    Info (12022): Found design unit 1: cnt_60_nc-beh
    Info (12023): Found entity 1: cnt_60_nc
Info (12021): Found 2 design units, including 1 entities, in source file /boom/cnt_60.vhd
    Info (12022): Found design unit 1: cnt_60-beh
    Info (12023): Found entity 1: cnt_60
Info (12021): Found 2 design units, including 1 entities, in source file mmmsec_gen.vhd
    Info (12022): Found design unit 1: mmsec_gen-beh
    Info (12023): Found entity 1: mmsec_gen
Info (12021): Found 1 design units, including 1 entities, in source file boom.bdf
    Info (12023): Found entity 1: BOOM
Info (12127): Elaborating entity "BOOM" for the top level hierarchy
Info (12128): Elaborating entity "FND_dec" for hierarchy "FND_dec:inst9"
Info (12128): Elaborating entity "cnt_60_nc" for hierarchy "cnt_60_nc:inst3"
Info (12128): Elaborating entity "cnt_60" for hierarchy "cnt_60:inst2"
Info (12128): Elaborating entity "cnt_100" for hierarchy "cnt_100:inst1"
Info (12128): Elaborating entity "mmsec_gen" for hierarchy "mmsec_gen:inst"
Warning (10492): VHDL Process Statement warning at mmmsec_gen.vhd(24): signal "stop_code" is read inside the Process Statement but isn't in the Process Statement's sensitivity list
Info (12128): Elaborating entity "code_set" for hierarchy "code_set:inst15"
Warning (10492): VHDL Process Statement warning at code_set.vhd(45): signal "button" is read inside the Process Statement but isn't in the Process Statement's sensitivity list
Info (12128): Elaborating entity "LED_conv" for hierarchy "LED_conv:inst10"
Warning (10492): VHDL Process Statement warning at LED_conv.vhd(24): signal "LED_sig" is read inside the Process Statement but isn't in the Process Statement's sensitivity list
Warning (10631): VHDL Process Statement warning at LED_conv.vhd(18): inferring latch(es) for signal or variable "LED_sig", which holds its previous value in one or more paths through the process
Info (10041): Inferred latch for "LED_sig[0]" at LED_conv.vhd(18)
Info (10041): Inferred latch for "LED_sig[1]" at LED_conv.vhd(18)
Info (10041): Inferred latch for "LED_sig[2]" at LED_conv.vhd(18)
Info (10041): Inferred latch for "LED_sig[3]" at LED_conv.vhd(18)
Info (10041): Inferred latch for "LED_sig[4]" at LED_conv.vhd(18)
Info (10041): Inferred latch for "LED_sig[5]" at LED_conv.vhd(18)
Info (10041): Inferred latch for "LED_sig[6]" at LED_conv.vhd(18)
Info (10041): Inferred latch for "LED_sig[7]" at LED_conv.vhd(18)
Info (10041): Inferred latch for "LED_sig[8]" at LED_conv.vhd(18)
Info (10041): Inferred latch for "LED_sig[9]" at LED_conv.vhd(18)
Info (10041): Inferred latch for "LED_sig[10]" at LED_conv.vhd(18)
Info (10041): Inferred latch for "LED_sig[11]" at LED_conv.vhd(18)
Info (10041): Inferred latch for "LED_sig[12]" at LED_conv.vhd(18)
Info (10041): Inferred latch for "LED_sig[13]" at LED_conv.vhd(18)
Info (10041): Inferred latch for "LED_sig[14]" at LED_conv.vhd(18)
Info (10041): Inferred latch for "LED_sig[15]" at LED_conv.vhd(18)
Info (10041): Inferred latch for "LED_sig[16]" at LED_conv.vhd(18)
Info (10041): Inferred latch for "LED_sig[17]" at LED_conv.vhd(18)
Info (13000): Registers with preset signals will power-up high
Info (13003): DEV_CLRn pin will set, and not reset, register with preset signal due to NOT Gate Push-Back
Warning (13004): Presettable and clearable registers converted to equivalent circuits with latches. Registers power-up to an undefined state, and DEVCLRn places the registers in an undefined state.
    Warning (13310): Register "code_set:inst15|hint_tmp[0]" is converted into an equivalent circuit using register "code_set:inst15|hint_tmp[0]~_emulated" and latch "code_set:inst15|hint_tmp[0]~1"
    Warning (13310): Register "code_set:inst15|hint_tmp[1]" is converted into an equivalent circuit using register "code_set:inst15|hint_tmp[1]~_emulated" and latch "code_set:inst15|hint_tmp[1]~5"
    Warning (13310): Register "code_set:inst15|hint_tmp[2]" is converted into an equivalent circuit using register "code_set:inst15|hint_tmp[2]~_emulated" and latch "code_set:inst15|hint_tmp[0]~1"
    Warning (13310): Register "code_set:inst15|hint_tmp[3]" is converted into an equivalent circuit using register "code_set:inst15|hint_tmp[3]~_emulated" and latch "code_set:inst15|hint_tmp[3]~11"
    Warning (13310): Register "code_set:inst15|hint_tmp[4]" is converted into an equivalent circuit using register "code_set:inst15|hint_tmp[4]~_emulated" and latch "code_set:inst15|hint_tmp[4]~15"
    Warning (13310): Register "code_set:inst15|hint_tmp[5]" is converted into an equivalent circuit using register "code_set:inst15|hint_tmp[5]~_emulated" and latch "code_set:inst15|hint_tmp[5]~19"
    Warning (13310): Register "code_set:inst15|hint_tmp[6]" is converted into an equivalent circuit using register "code_set:inst15|hint_tmp[6]~_emulated" and latch "code_set:inst15|hint_tmp[6]~23"
    Warning (13310): Register "code_set:inst15|hint_tmp[7]" is converted into an equivalent circuit using register "code_set:inst15|hint_tmp[7]~_emulated" and latch "code_set:inst15|hint_tmp[7]~27"
Warning (13024): Output pins are stuck at VCC or GND
    Warning (13410): Pin "fnd_min_ten[6]" is stuck at VCC
    Warning (13410): Pin "fnd_min_ten[5]" is stuck at GND
    Warning (13410): Pin "fnd_min_ten[4]" is stuck at GND
    Warning (13410): Pin "fnd_min_ten[3]" is stuck at GND
    Warning (13410): Pin "fnd_min_ten[2]" is stuck at GND
    Warning (13410): Pin "fnd_min_ten[1]" is stuck at GND
    Warning (13410): Pin "fnd_min_ten[0]" is stuck at GND
Info (16010): Generating hard_block partition "hard_block:auto_generated_inst"
    Info (16011): Adding 0 node(s), including 0 DDIO, 0 PLL, 0 transceiver and 0 LCELL
Info (21057): Implemented 231 device resources after synthesis - the final resource count might be different
    Info (21058): Implemented 14 input pins
    Info (21059): Implemented 68 output pins
    Info (21061): Implemented 149 logic cells
Info: Quartus II 64-Bit Analysis & Synthesis was successful. 0 errors, 22 warnings
    Info: Peak virtual memory: 4666 megabytes
    Info: Processing ended: Thu Nov 29 14:03:37 2018
    Info: Elapsed time: 00:00:03
    Info: Total CPU time (on all processors): 00:00:04


